0 info it worked if it ends with ok
1 verbose cli [ '/usr/bin/nodejs', '/usr/bin/npm', 'run', 'hugo-server' ]
2 info using npm@3.5.2
3 info using node@v4.2.6
4 verbose run-script [ 'prehugo-server', 'hugo-server', 'posthugo-server' ]
5 info lifecycle js-react-starting-kit@1.0.0~prehugo-server: js-react-starting-kit@1.0.0
6 silly lifecycle js-react-starting-kit@1.0.0~prehugo-server: no script for prehugo-server, continuing
7 info lifecycle js-react-starting-kit@1.0.0~hugo-server: js-react-starting-kit@1.0.0
8 verbose lifecycle js-react-starting-kit@1.0.0~hugo-server: unsafe-perm in lifecycle true
9 verbose lifecycle js-react-starting-kit@1.0.0~hugo-server: PATH: /usr/share/npm/bin/node-gyp-bin:/projects/src/github.com/src-d/landing/node_modules/.bin:/home/david/bin:/home/david/.local/bin:/usr/local/sbin:/usr/local/bin:/usr/sbin:/usr/bin:/sbin:/bin:/usr/games:/usr/local/games:/snap/bin:/usr/local/go/bin:/projects/bin
10 verbose lifecycle js-react-starting-kit@1.0.0~hugo-server: CWD: /projects/src/github.com/src-d/landing
11 silly lifecycle js-react-starting-kit@1.0.0~hugo-server: Args: [ '-c',
11 silly lifecycle   'hugo server --config=config/hugo.config.yaml --destination=public --port=8181' ]
12 silly lifecycle js-react-starting-kit@1.0.0~hugo-server: Returned: code: 255  signal: null
13 info lifecycle js-react-starting-kit@1.0.0~hugo-server: Failed to exec hugo-server script
14 verbose stack Error: js-react-starting-kit@1.0.0 hugo-server: `hugo server --config=config/hugo.config.yaml --destination=public --port=8181`
14 verbose stack Exit status 255
14 verbose stack     at EventEmitter.<anonymous> (/usr/share/npm/lib/utils/lifecycle.js:232:16)
14 verbose stack     at emitTwo (events.js:87:13)
14 verbose stack     at EventEmitter.emit (events.js:172:7)
14 verbose stack     at ChildProcess.<anonymous> (/usr/share/npm/lib/utils/spawn.js:24:14)
14 verbose stack     at emitTwo (events.js:87:13)
14 verbose stack     at ChildProcess.emit (events.js:172:7)
14 verbose stack     at maybeClose (internal/child_process.js:821:16)
14 verbose stack     at Process.ChildProcess._handle.onexit (internal/child_process.js:211:5)
15 verbose pkgid js-react-starting-kit@1.0.0
16 verbose cwd /projects/src/github.com/src-d/landing
17 error Linux 4.4.0-47-generic
18 error argv "/usr/bin/nodejs" "/usr/bin/npm" "run" "hugo-server"
19 error node v4.2.6
20 error npm  v3.5.2
21 error code ELIFECYCLE
22 error js-react-starting-kit@1.0.0 hugo-server: `hugo server --config=config/hugo.config.yaml --destination=public --port=8181`
22 error Exit status 255
23 error Failed at the js-react-starting-kit@1.0.0 hugo-server script 'hugo server --config=config/hugo.config.yaml --destination=public --port=8181'.
23 error Make sure you have the latest version of node.js and npm installed.
23 error If you do, this is most likely a problem with the js-react-starting-kit package,
23 error not with npm itself.
23 error Tell the author that this fails on your system:
23 error     hugo server --config=config/hugo.config.yaml --destination=public --port=8181
23 error You can get information on how to open an issue for this project with:
23 error     npm bugs js-react-starting-kit
23 error Or if that isn't available, you can get their info via:
23 error     npm owner ls js-react-starting-kit
23 error There is likely additional logging output above.
24 verbose exit [ 1, true ]
